Analysis & Synthesis report for Multiplier_8bits_DE0
Wed Oct 02 08:47:15 2013
Quartus II 64-Bit Version 13.0.1 Build 232 06/12/2013 Service Pack 1 SJ Web Edition


---------------------
; Table of Contents ;
---------------------
  1. Legal Notice
  2. Analysis & Synthesis Summary
  3. Analysis & Synthesis Settings
  4. Parallel Compilation
  5. Analysis & Synthesis Source Files Read
  6. Analysis & Synthesis Resource Usage Summary
  7. Analysis & Synthesis Resource Utilization by Entity
  8. Analysis & Synthesis RAM Summary
  9. Analysis & Synthesis IP Cores Summary
 10. State Machine - |Multiplier_8bits_DE0|Multiplier_8bits:inst|controller:controller_0|state
 11. State Machine - |Multiplier_8bits_DE0|rgb_led96:inst4|state
 12. Registers Removed During Synthesis
 13. General Register Statistics
 14. Inverted Register Statistics
 15. Registers Packed Into Inferred Megafunctions
 16. Multiplexer Restructuring Statistics (Restructuring Performed)
 17. Source assignments for rgb_led96:inst4|altsyncram:gamma_table_rtl_0|altsyncram_ha81:auto_generated
 18. Parameter Settings for User Entity Instance: rgb_led96:inst4
 19. Parameter Settings for Inferred Entity Instance: rgb_led96:inst4|altsyncram:gamma_table_rtl_0
 20. altsyncram Parameter Settings by Entity Instance
 21. Elapsed Time Per Partition
 22. Analysis & Synthesis Messages



----------------
; Legal Notice ;
----------------
Copyright (C) 1991-2013 Altera Corporation
Your use of Altera Corporation's design tools, logic functions 
and other software and tools, and its AMPP partner logic 
functions, and any output files from any of the foregoing 
(including device programming or simulation files), and any 
associated documentation or information are expressly subject 
to the terms and conditions of the Altera Program License 
Subscription Agreement, Altera MegaCore Function License 
Agreement, or other applicable license agreement, including, 
without limitation, that your use is for the sole purpose of 
programming logic devices manufactured by Altera and sold by 
Altera or its authorized distributors.  Please refer to the 
applicable agreement for further details.



+--------------------------------------------------------------------------------------+
; Analysis & Synthesis Summary                                                         ;
+------------------------------------+-------------------------------------------------+
; Analysis & Synthesis Status        ; Successful - Wed Oct 02 08:47:15 2013           ;
; Quartus II 64-Bit Version          ; 13.0.1 Build 232 06/12/2013 SP 1 SJ Web Edition ;
; Revision Name                      ; Multiplier_8bits_DE0                            ;
; Top-level Entity Name              ; Multiplier_8bits_DE0                            ;
; Family                             ; Cyclone IV E                                    ;
; Total logic elements               ; 291                                             ;
;     Total combinational functions  ; 241                                             ;
;     Dedicated logic registers      ; 150                                             ;
; Total registers                    ; 150                                             ;
; Total pins                         ; 61                                              ;
; Total virtual pins                 ; 0                                               ;
; Total memory bits                  ; 3,840                                           ;
; Embedded Multiplier 9-bit elements ; 0                                               ;
; Total PLLs                         ; 0                                               ;
+------------------------------------+-------------------------------------------------+


+--------------------------------------------------------------------------------------------------------------------------+
; Analysis & Synthesis Settings                                                                                            ;
+----------------------------------------------------------------------------+----------------------+----------------------+
; Option                                                                     ; Setting              ; Default Value        ;
+----------------------------------------------------------------------------+----------------------+----------------------+
; Device                                                                     ; EP4CE22F17C6         ;                      ;
; Top-level entity name                                                      ; Multiplier_8bits_DE0 ; Multiplier_8bits_DE0 ;
; Family name                                                                ; Cyclone IV E         ; Cyclone IV GX        ;
; Use smart compilation                                                      ; On                   ; Off                  ;
; Enable parallel Assembler and TimeQuest Timing Analyzer during compilation ; On                   ; On                   ;
; Enable compact report table                                                ; Off                  ; Off                  ;
; Restructure Multiplexers                                                   ; Auto                 ; Auto                 ;
; Create Debugging Nodes for IP Cores                                        ; Off                  ; Off                  ;
; Preserve fewer node names                                                  ; On                   ; On                   ;
; Disable OpenCore Plus hardware evaluation                                  ; Off                  ; Off                  ;
; Verilog Version                                                            ; Verilog_2001         ; Verilog_2001         ;
; VHDL Version                                                               ; VHDL_1993            ; VHDL_1993            ;
; State Machine Processing                                                   ; Auto                 ; Auto                 ;
; Safe State Machine                                                         ; Off                  ; Off                  ;
; Extract Verilog State Machines                                             ; On                   ; On                   ;
; Extract VHDL State Machines                                                ; On                   ; On                   ;
; Ignore Verilog initial constructs                                          ; Off                  ; Off                  ;
; Iteration limit for constant Verilog loops                                 ; 5000                 ; 5000                 ;
; Iteration limit for non-constant Verilog loops                             ; 250                  ; 250                  ;
; Add Pass-Through Logic to Inferred RAMs                                    ; On                   ; On                   ;
; Infer RAMs from Raw Logic                                                  ; On                   ; On                   ;
; Parallel Synthesis                                                         ; On                   ; On                   ;
; DSP Block Balancing                                                        ; Auto                 ; Auto                 ;
; NOT Gate Push-Back                                                         ; On                   ; On                   ;
; Power-Up Don't Care                                                        ; On                   ; On                   ;
; Remove Redundant Logic Cells                                               ; Off                  ; Off                  ;
; Remove Duplicate Registers                                                 ; On                   ; On                   ;
; Ignore CARRY Buffers                                                       ; Off                  ; Off                  ;
; Ignore CASCADE Buffers                                                     ; Off                  ; Off                  ;
; Ignore GLOBAL Buffers                                                      ; Off                  ; Off                  ;
; Ignore ROW GLOBAL Buffers                                                  ; Off                  ; Off                  ;
; Ignore LCELL Buffers                                                       ; Off                  ; Off                  ;
; Ignore SOFT Buffers                                                        ; On                   ; On                   ;
; Limit AHDL Integers to 32 Bits                                             ; Off                  ; Off                  ;
; Optimization Technique                                                     ; Balanced             ; Balanced             ;
; Carry Chain Length                                                         ; 70                   ; 70                   ;
; Auto Carry Chains                                                          ; On                   ; On                   ;
; Auto Open-Drain Pins                                                       ; On                   ; On                   ;
; Perform WYSIWYG Primitive Resynthesis                                      ; Off                  ; Off                  ;
; Auto ROM Replacement                                                       ; On                   ; On                   ;
; Auto RAM Replacement                                                       ; On                   ; On                   ;
; Auto DSP Block Replacement                                                 ; On                   ; On                   ;
; Auto Shift Register Replacement                                            ; Auto                 ; Auto                 ;
; Allow Shift Register Merging across Hierarchies                            ; Auto                 ; Auto                 ;
; Auto Clock Enable Replacement                                              ; On                   ; On                   ;
; Strict RAM Replacement                                                     ; Off                  ; Off                  ;
; Allow Synchronous Control Signals                                          ; On                   ; On                   ;
; Force Use of Synchronous Clear Signals                                     ; Off                  ; Off                  ;
; Auto RAM Block Balancing                                                   ; On                   ; On                   ;
; Auto RAM to Logic Cell Conversion                                          ; Off                  ; Off                  ;
; Auto Resource Sharing                                                      ; Off                  ; Off                  ;
; Allow Any RAM Size For Recognition                                         ; Off                  ; Off                  ;
; Allow Any ROM Size For Recognition                                         ; Off                  ; Off                  ;
; Allow Any Shift Register Size For Recognition                              ; Off                  ; Off                  ;
; Use LogicLock Constraints during Resource Balancing                        ; On                   ; On                   ;
; Ignore translate_off and synthesis_off directives                          ; Off                  ; Off                  ;
; Timing-Driven Synthesis                                                    ; On                   ; On                   ;
; Report Parameter Settings                                                  ; On                   ; On                   ;
; Report Source Assignments                                                  ; On                   ; On                   ;
; Report Connectivity Checks                                                 ; On                   ; On                   ;
; Ignore Maximum Fan-Out Assignments                                         ; Off                  ; Off                  ;
; Synchronization Register Chain Length                                      ; 2                    ; 2                    ;
; PowerPlay Power Optimization                                               ; Normal compilation   ; Normal compilation   ;
; HDL message level                                                          ; Level2               ; Level2               ;
; Suppress Register Optimization Related Messages                            ; Off                  ; Off                  ;
; Number of Removed Registers Reported in Synthesis Report                   ; 5000                 ; 5000                 ;
; Number of Swept Nodes Reported in Synthesis Report                         ; 5000                 ; 5000                 ;
; Number of Inverted Registers Reported in Synthesis Report                  ; 100                  ; 100                  ;
; Clock MUX Protection                                                       ; On                   ; On                   ;
; Auto Gated Clock Conversion                                                ; Off                  ; Off                  ;
; Block Design Naming                                                        ; Auto                 ; Auto                 ;
; SDC constraint protection                                                  ; Off                  ; Off                  ;
; Synthesis Effort                                                           ; Auto                 ; Auto                 ;
; Shift Register Replacement - Allow Asynchronous Clear Signal               ; On                   ; On                   ;
; Pre-Mapping Resynthesis Optimization                                       ; Off                  ; Off                  ;
; Analysis & Synthesis Message Level                                         ; Medium               ; Medium               ;
; Disable Register Merging Across Hierarchies                                ; Auto                 ; Auto                 ;
; Resource Aware Inference For Block RAM                                     ; On                   ; On                   ;
; Synthesis Seed                                                             ; 1                    ; 1                    ;
+----------------------------------------------------------------------------+----------------------+----------------------+


Parallel compilation was disabled, but you have multiple processors available. Enable parallel compilation to reduce compilation time.
+-------------------------------------+
; Parallel Compilation                ;
+----------------------------+--------+
; Processors                 ; Number ;
+----------------------------+--------+
; Number detected on machine ; 2      ;
; Maximum allowed            ; 1      ;
+----------------------------+--------+


+-------------------------------------------------------------------------------------------------------------------------------------------------------------------------------------------------------------------------------------------------------------------------------------+
; Analysis & Synthesis Source Files Read                                                                                                                                                                                                                                              ;
+---------------------------------------------------------+-----------------+-------------------------------------------------------+---------------------------------------------------------------------------------------------------------------------------------------+---------+
; File Name with User-Entered Path                        ; Used in Netlist ; File Type                                             ; File Name with Absolute Path                                                                                                          ; Library ;
+---------------------------------------------------------+-----------------+-------------------------------------------------------+---------------------------------------------------------------------------------------------------------------------------------------+---------+
; Multiplier_8bits_DE0.bdf                                ; yes             ; User Block Diagram/Schematic File                     ; //vmware-host/Shared Folders/Desktop/ArchOrd-Labos/Lab 1 - Multiplier/quartus/Multiplier_8bits_DE0.bdf                                ;         ;
; Multiplier_8bits.bdf                                    ; yes             ; User Block Diagram/Schematic File                     ; //vmware-host/Shared Folders/Desktop/ArchOrd-Labos/Lab 1 - Multiplier/quartus/Multiplier_8bits.bdf                                    ;         ;
; rgb_led96.vhd                                           ; yes             ; User VHDL File                                        ; //vmware-host/Shared Folders/Desktop/ArchOrd-Labos/Lab 1 - Multiplier/quartus/rgb_led96.vhd                                           ;         ;
; ../vhdl/Add.vhd                                         ; yes             ; User VHDL File                                        ; //vmware-host/Shared Folders/Desktop/ArchOrd-Labos/Lab 1 - Multiplier/vhdl/Add.vhd                                                    ;         ;
; ../vhdl/And1x8.vhd                                      ; yes             ; User VHDL File                                        ; //vmware-host/Shared Folders/Desktop/ArchOrd-Labos/Lab 1 - Multiplier/vhdl/And1x8.vhd                                                 ;         ;
; ../vhdl/CLK_divider.vhd                                 ; yes             ; User VHDL File                                        ; //vmware-host/Shared Folders/Desktop/ArchOrd-Labos/Lab 1 - Multiplier/vhdl/CLK_divider.vhd                                            ;         ;
; ../vhdl/Controller.vhd                                  ; yes             ; User VHDL File                                        ; //vmware-host/Shared Folders/Desktop/ArchOrd-Labos/Lab 1 - Multiplier/vhdl/Controller.vhd                                             ;         ;
; ../vhdl/Multiplicand.vhd                                ; yes             ; User VHDL File                                        ; //vmware-host/Shared Folders/Desktop/ArchOrd-Labos/Lab 1 - Multiplier/vhdl/Multiplicand.vhd                                           ;         ;
; ../vhdl/Multiplier.vhd                                  ; yes             ; User VHDL File                                        ; //vmware-host/Shared Folders/Desktop/ArchOrd-Labos/Lab 1 - Multiplier/vhdl/Multiplier.vhd                                             ;         ;
; ../vhdl/Product.vhd                                     ; yes             ; User VHDL File                                        ; //vmware-host/Shared Folders/Desktop/ArchOrd-Labos/Lab 1 - Multiplier/vhdl/Product.vhd                                                ;         ;
; lpm_constant0.vhd                                       ; yes             ; Auto-Found Wizard-Generated File                      ; //vmware-host/Shared Folders/Desktop/ArchOrd-Labos/Lab 1 - Multiplier/quartus/lpm_constant0.vhd                                       ;         ;
; altsyncram.tdf                                          ; yes             ; Megafunction                                          ; c:/altera/13.0sp1/quartus/libraries/megafunctions/altsyncram.tdf                                                                      ;         ;
; stratix_ram_block.inc                                   ; yes             ; Megafunction                                          ; c:/altera/13.0sp1/quartus/libraries/megafunctions/stratix_ram_block.inc                                                               ;         ;
; lpm_mux.inc                                             ; yes             ; Megafunction                                          ; c:/altera/13.0sp1/quartus/libraries/megafunctions/lpm_mux.inc                                                                         ;         ;
; lpm_decode.inc                                          ; yes             ; Megafunction                                          ; c:/altera/13.0sp1/quartus/libraries/megafunctions/lpm_decode.inc                                                                      ;         ;
; aglobal130.inc                                          ; yes             ; Megafunction                                          ; c:/altera/13.0sp1/quartus/libraries/megafunctions/aglobal130.inc                                                                      ;         ;
; a_rdenreg.inc                                           ; yes             ; Megafunction                                          ; c:/altera/13.0sp1/quartus/libraries/megafunctions/a_rdenreg.inc                                                                       ;         ;
; altrom.inc                                              ; yes             ; Megafunction                                          ; c:/altera/13.0sp1/quartus/libraries/megafunctions/altrom.inc                                                                          ;         ;
; altram.inc                                              ; yes             ; Megafunction                                          ; c:/altera/13.0sp1/quartus/libraries/megafunctions/altram.inc                                                                          ;         ;
; altdpram.inc                                            ; yes             ; Megafunction                                          ; c:/altera/13.0sp1/quartus/libraries/megafunctions/altdpram.inc                                                                        ;         ;
; db/altsyncram_ha81.tdf                                  ; yes             ; Auto-Generated Megafunction                           ; //vmware-host/Shared Folders/Desktop/ArchOrd-Labos/Lab 1 - Multiplier/quartus/db/altsyncram_ha81.tdf                                  ;         ;
; db/Multiplier_8bits_DE0.ram0_rgb_led96_6e55db65.hdl.mif ; yes             ; Auto-Generated Auto-Found Memory Initialization File  ; //vmware-host/Shared Folders/Desktop/ArchOrd-Labos/Lab 1 - Multiplier/quartus/db/Multiplier_8bits_DE0.ram0_rgb_led96_6e55db65.hdl.mif ;         ;
+---------------------------------------------------------+-----------------+-------------------------------------------------------+---------------------------------------------------------------------------------------------------------------------------------------+---------+


+-----------------------------------------------------------+
; Analysis & Synthesis Resource Usage Summary               ;
+---------------------------------------------+-------------+
; Resource                                    ; Usage       ;
+---------------------------------------------+-------------+
; Estimated Total logic elements              ; 291         ;
;                                             ;             ;
; Total combinational functions               ; 241         ;
; Logic element usage by number of LUT inputs ;             ;
;     -- 4 input functions                    ; 66          ;
;     -- 3 input functions                    ; 100         ;
;     -- <=2 input functions                  ; 75          ;
;                                             ;             ;
; Logic elements by mode                      ;             ;
;     -- normal mode                          ; 154         ;
;     -- arithmetic mode                      ; 87          ;
;                                             ;             ;
; Total registers                             ; 150         ;
;     -- Dedicated logic registers            ; 150         ;
;     -- I/O registers                        ; 0           ;
;                                             ;             ;
; I/O pins                                    ; 61          ;
; Total memory bits                           ; 3840        ;
; Embedded Multiplier 9-bit elements          ; 0           ;
; Maximum fan-out node                        ; CLOCK~input ;
; Maximum fan-out                             ; 120         ;
; Total fan-out                               ; 1302        ;
; Average fan-out                             ; 2.47        ;
+---------------------------------------------+-------------+


+--------------------------------------------------------------------------------------------------------------------------------------------------------------------------------------------------------------------------------------------------------------------------+
; Analysis & Synthesis Resource Utilization by Entity                                                                                                                                                                                                                      ;
+-------------------------------------------+-------------------+--------------+-------------+--------------+---------+-----------+------+--------------+---------------------------------------------------------------------------------------------------+--------------+
; Compilation Hierarchy Node                ; LC Combinationals ; LC Registers ; Memory Bits ; DSP Elements ; DSP 9x9 ; DSP 18x18 ; Pins ; Virtual Pins ; Full Hierarchy Name                                                                               ; Library Name ;
+-------------------------------------------+-------------------+--------------+-------------+--------------+---------+-----------+------+--------------+---------------------------------------------------------------------------------------------------+--------------+
; |Multiplier_8bits_DE0                     ; 241 (0)           ; 150 (0)      ; 3840        ; 0            ; 0       ; 0         ; 61   ; 0            ; |Multiplier_8bits_DE0                                                                             ; work         ;
;    |Multiplier_8bits:inst|                ; 101 (0)           ; 70 (0)       ; 0           ; 0            ; 0       ; 0         ; 0    ; 0            ; |Multiplier_8bits_DE0|Multiplier_8bits:inst                                                       ; work         ;
;       |Add:add_0|                         ; 18 (18)           ; 0 (0)        ; 0           ; 0            ; 0       ; 0         ; 0    ; 0            ; |Multiplier_8bits_DE0|Multiplier_8bits:inst|Add:add_0                                             ; work         ;
;       |CLK_divider:clk_divider_0|         ; 43 (43)           ; 25 (25)      ; 0           ; 0            ; 0       ; 0         ; 0    ; 0            ; |Multiplier_8bits_DE0|Multiplier_8bits:inst|CLK_divider:clk_divider_0                             ; work         ;
;       |and1x8:and_0|                      ; 8 (8)             ; 0 (0)        ; 0           ; 0            ; 0       ; 0         ; 0    ; 0            ; |Multiplier_8bits_DE0|Multiplier_8bits:inst|and1x8:and_0                                          ; work         ;
;       |controller:controller_0|           ; 14 (14)           ; 12 (12)      ; 0           ; 0            ; 0       ; 0         ; 0    ; 0            ; |Multiplier_8bits_DE0|Multiplier_8bits:inst|controller:controller_0                               ; work         ;
;       |multiplicand:multiplicand_0|       ; 0 (0)             ; 8 (8)        ; 0           ; 0            ; 0       ; 0         ; 0    ; 0            ; |Multiplier_8bits_DE0|Multiplier_8bits:inst|multiplicand:multiplicand_0                           ; work         ;
;       |multiplier:multiplier_0|           ; 9 (9)             ; 8 (8)        ; 0           ; 0            ; 0       ; 0         ; 0    ; 0            ; |Multiplier_8bits_DE0|Multiplier_8bits:inst|multiplier:multiplier_0                               ; work         ;
;       |product:product_0|                 ; 9 (9)             ; 17 (17)      ; 0           ; 0            ; 0       ; 0         ; 0    ; 0            ; |Multiplier_8bits_DE0|Multiplier_8bits:inst|product:product_0                                     ; work         ;
;    |rgb_led96:inst4|                      ; 140 (140)         ; 80 (80)      ; 3840        ; 0            ; 0       ; 0         ; 0    ; 0            ; |Multiplier_8bits_DE0|rgb_led96:inst4                                                             ; work         ;
;       |altsyncram:gamma_table_rtl_0|      ; 0 (0)             ; 0 (0)        ; 3840        ; 0            ; 0       ; 0         ; 0    ; 0            ; |Multiplier_8bits_DE0|rgb_led96:inst4|altsyncram:gamma_table_rtl_0                                ; work         ;
;          |altsyncram_ha81:auto_generated| ; 0 (0)             ; 0 (0)        ; 3840        ; 0            ; 0       ; 0         ; 0    ; 0            ; |Multiplier_8bits_DE0|rgb_led96:inst4|altsyncram:gamma_table_rtl_0|altsyncram_ha81:auto_generated ; work         ;
+-------------------------------------------+-------------------+--------------+-------------+--------------+---------+-----------+------+--------------+---------------------------------------------------------------------------------------------------+--------------+
Note: For table entries with two numbers listed, the numbers in parentheses indicate the number of resources of the given type used by the specific entity alone. The numbers listed outside of parentheses indicate the total resources of the given type used by the specific entity and all of its sub-entities in the hierarchy.


+-----------------------------------------------------------------------------------------------------------------------------------------------------------------------------------------------------------------------------------+
; Analysis & Synthesis RAM Summary                                                                                                                                                                                                  ;
+----------------------------------------------------------------------------------------+------+------+--------------+--------------+--------------+--------------+------+---------------------------------------------------------+
; Name                                                                                   ; Type ; Mode ; Port A Depth ; Port A Width ; Port B Depth ; Port B Width ; Size ; MIF                                                     ;
+----------------------------------------------------------------------------------------+------+------+--------------+--------------+--------------+--------------+------+---------------------------------------------------------+
; rgb_led96:inst4|altsyncram:gamma_table_rtl_0|altsyncram_ha81:auto_generated|ALTSYNCRAM ; AUTO ; ROM  ; 256          ; 16           ; --           ; --           ; 4096 ; db/Multiplier_8bits_DE0.ram0_rgb_led96_6e55db65.hdl.mif ;
+----------------------------------------------------------------------------------------+------+------+--------------+--------------+--------------+--------------+------+---------------------------------------------------------+


+-------------------------------------------------------------------------------------------------------------------------------------------------------------------------------------------------------------+
; Analysis & Synthesis IP Cores Summary                                                                                                                                                                       ;
+--------+--------------+---------+--------------+--------------+-------------------------------------------+-------------------------------------------------------------------------------------------------+
; Vendor ; IP Core Name ; Version ; Release Date ; License Type ; Entity Instance                           ; IP Include File                                                                                 ;
+--------+--------------+---------+--------------+--------------+-------------------------------------------+-------------------------------------------------------------------------------------------------+
; Altera ; LPM_CONSTANT ; N/A     ; N/A          ; N/A          ; |Multiplier_8bits_DE0|lpm_constant0:inst1 ; //vmware-host/Shared Folders/Desktop/ArchOrd-Labos/Lab 1 - Multiplier/quartus/lpm_constant0.vhd ;
+--------+--------------+---------+--------------+--------------+-------------------------------------------+-------------------------------------------------------------------------------------------------+


Encoding Type:  One-Hot
+-------------------------------------------------------------------------------------------+
; State Machine - |Multiplier_8bits_DE0|Multiplier_8bits:inst|controller:controller_0|state ;
+----------+----------+----------+----------+-----------------------------------------------+
; Name     ; state.S3 ; state.S2 ; state.S1 ; state.S0                                      ;
+----------+----------+----------+----------+-----------------------------------------------+
; state.S0 ; 0        ; 0        ; 0        ; 0                                             ;
; state.S1 ; 0        ; 0        ; 1        ; 1                                             ;
; state.S2 ; 0        ; 1        ; 0        ; 1                                             ;
; state.S3 ; 1        ; 0        ; 0        ; 1                                             ;
+----------+----------+----------+----------+-----------------------------------------------+


Encoding Type:  One-Hot
+-------------------------------------------------------------------------+
; State Machine - |Multiplier_8bits_DE0|rgb_led96:inst4|state             ;
+---------------+---------------+--------------+-----------+--------------+
; Name          ; state.DISPLAY ; state.TRANS2 ; state.RST ; state.TRANS1 ;
+---------------+---------------+--------------+-----------+--------------+
; state.TRANS1  ; 0             ; 0            ; 0         ; 0            ;
; state.RST     ; 0             ; 0            ; 1         ; 1            ;
; state.TRANS2  ; 0             ; 1            ; 0         ; 1            ;
; state.DISPLAY ; 1             ; 0            ; 0         ; 1            ;
+---------------+---------------+--------------+-----------+--------------+


+-------------------------------------------------------------------------------------------------------------------------------------------+
; Registers Removed During Synthesis                                                                                                        ;
+-------------------------------------------------------------+-----------------------------------------------------------------------------+
; Register name                                               ; Reason for Removal                                                          ;
+-------------------------------------------------------------+-----------------------------------------------------------------------------+
; Multiplier_8bits:inst|controller:controller_0|shift_product ; Merged with Multiplier_8bits:inst|controller:controller_0|shift_multiplier  ;
; Multiplier_8bits:inst|controller:controller_0|reset_product ; Merged with Multiplier_8bits:inst|controller:controller_0|load_multiplicand ;
; Total Number of Removed Registers = 2                       ;                                                                             ;
+-------------------------------------------------------------+-----------------------------------------------------------------------------+


+------------------------------------------------------+
; General Register Statistics                          ;
+----------------------------------------------+-------+
; Statistic                                    ; Value ;
+----------------------------------------------+-------+
; Total registers                              ; 150   ;
; Number of registers using Synchronous Clear  ; 24    ;
; Number of registers using Synchronous Load   ; 0     ;
; Number of registers using Asynchronous Clear ; 47    ;
; Number of registers using Asynchronous Load  ; 0     ;
; Number of registers using Clock Enable       ; 96    ;
; Number of registers using Preset             ; 0     ;
+----------------------------------------------+-------+


+---------------------------------------------------------------+
; Inverted Register Statistics                                  ;
+-----------------------------------------------------+---------+
; Inverted Register                                   ; Fan out ;
+-----------------------------------------------------+---------+
; rgb_led96:inst4|reg_sel_col[0]                      ; 2       ;
; Multiplier_8bits:inst|CLK_divider:clk_divider_0|tmp ; 46      ;
; Total number of inverted registers = 2              ;         ;
+-----------------------------------------------------+---------+


+----------------------------------------------------------------------------------+
; Registers Packed Into Inferred Megafunctions                                     ;
+---------------------------------------+-----------------------------------+------+
; Register Name                         ; Megafunction                      ; Type ;
+---------------------------------------+-----------------------------------+------+
; rgb_led96:inst4|reg_gamma_data[0..14] ; rgb_led96:inst4|gamma_table_rtl_0 ; RAM  ;
+---------------------------------------+-----------------------------------+------+


+--------------------------------------------------------------------------------------------------------------------------------------------------------------------------------------------+
; Multiplexer Restructuring Statistics (Restructuring Performed)                                                                                                                             ;
+--------------------+-----------+---------------+----------------------+------------------------+------------+------------------------------------------------------------------------------+
; Multiplexer Inputs ; Bus Width ; Baseline Area ; Area if Restructured ; Saving if Restructured ; Registered ; Example Multiplexer Output                                                   ;
+--------------------+-----------+---------------+----------------------+------------------------+------------+------------------------------------------------------------------------------+
; 3:1                ; 7 bits    ; 14 LEs        ; 7 LEs                ; 7 LEs                  ; Yes        ; |Multiplier_8bits_DE0|Multiplier_8bits:inst|multiplier:multiplier_0|a[4]     ;
; 4:1                ; 8 bits    ; 16 LEs        ; 8 LEs                ; 8 LEs                  ; Yes        ; |Multiplier_8bits_DE0|Multiplier_8bits:inst|product:product_0|a[0]           ;
; 4:1                ; 8 bits    ; 16 LEs        ; 16 LEs               ; 0 LEs                  ; Yes        ; |Multiplier_8bits_DE0|Multiplier_8bits:inst|product:product_0|a[8]           ;
; 4:1                ; 3 bits    ; 6 LEs         ; 3 LEs                ; 3 LEs                  ; Yes        ; |Multiplier_8bits_DE0|Multiplier_8bits:inst|controller:controller_0|count[0] ;
; 3:1                ; 8 bits    ; 16 LEs        ; 8 LEs                ; 8 LEs                  ; No         ; |Multiplier_8bits_DE0|rgb_led96:inst4|LED_Sel_B[4]                           ;
; 3:1                ; 8 bits    ; 16 LEs        ; 8 LEs                ; 8 LEs                  ; No         ; |Multiplier_8bits_DE0|rgb_led96:inst4|LED_Sel_G[7]                           ;
; 3:1                ; 8 bits    ; 16 LEs        ; 8 LEs                ; 8 LEs                  ; No         ; |Multiplier_8bits_DE0|rgb_led96:inst4|LED_Sel_R[6]                           ;
; 12:1               ; 8 bits    ; 64 LEs        ; 16 LEs               ; 48 LEs                 ; No         ; |Multiplier_8bits_DE0|rgb_led96:inst4|Mux7                                   ;
; 6:1                ; 2 bits    ; 8 LEs         ; 4 LEs                ; 4 LEs                  ; No         ; |Multiplier_8bits_DE0|rgb_led96:inst4|Selector1                              ;
+--------------------+-----------+---------------+----------------------+------------------------+------------+------------------------------------------------------------------------------+


+----------------------------------------------------------------------------------------------------+
; Source assignments for rgb_led96:inst4|altsyncram:gamma_table_rtl_0|altsyncram_ha81:auto_generated ;
+---------------------------------+--------------------+------+--------------------------------------+
; Assignment                      ; Value              ; From ; To                                   ;
+---------------------------------+--------------------+------+--------------------------------------+
; OPTIMIZE_POWER_DURING_SYNTHESIS ; NORMAL_COMPILATION ; -    ; -                                    ;
+---------------------------------+--------------------+------+--------------------------------------+


+--------------------------------------------------------------+
; Parameter Settings for User Entity Instance: rgb_led96:inst4 ;
+----------------+----------+----------------------------------+
; Parameter Name ; Value    ; Type                             ;
+----------------+----------+----------------------------------+
; CLK_FREQ       ; 50000000 ; Signed Integer                   ;
; FRAME_RATE     ; 100      ; Signed Integer                   ;
; default_color  ; 00FFFF   ; Unsigned Hexadecimal             ;
+----------------+----------+----------------------------------+
Note: In order to hide this table in the UI and the text report file, please set the "Show Parameter Settings in Synthesis Report" option in "Analysis and Synthesis Settings -> More Settings" to "Off".


+---------------------------------------------------------------------------------------------------------------+
; Parameter Settings for Inferred Entity Instance: rgb_led96:inst4|altsyncram:gamma_table_rtl_0                 ;
+------------------------------------+---------------------------------------------------------+----------------+
; Parameter Name                     ; Value                                                   ; Type           ;
+------------------------------------+---------------------------------------------------------+----------------+
; BYTE_SIZE_BLOCK                    ; 8                                                       ; Untyped        ;
; AUTO_CARRY_CHAINS                  ; ON                                                      ; AUTO_CARRY     ;
; IGNORE_CARRY_BUFFERS               ; OFF                                                     ; IGNORE_CARRY   ;
; AUTO_CASCADE_CHAINS                ; ON                                                      ; AUTO_CASCADE   ;
; IGNORE_CASCADE_BUFFERS             ; OFF                                                     ; IGNORE_CASCADE ;
; WIDTH_BYTEENA                      ; 1                                                       ; Untyped        ;
; OPERATION_MODE                     ; ROM                                                     ; Untyped        ;
; WIDTH_A                            ; 16                                                      ; Untyped        ;
; WIDTHAD_A                          ; 8                                                       ; Untyped        ;
; NUMWORDS_A                         ; 256                                                     ; Untyped        ;
; OUTDATA_REG_A                      ; UNREGISTERED                                            ; Untyped        ;
; ADDRESS_ACLR_A                     ; NONE                                                    ; Untyped        ;
; OUTDATA_ACLR_A                     ; NONE                                                    ; Untyped        ;
; WRCONTROL_ACLR_A                   ; NONE                                                    ; Untyped        ;
; INDATA_ACLR_A                      ; NONE                                                    ; Untyped        ;
; BYTEENA_ACLR_A                     ; NONE                                                    ; Untyped        ;
; WIDTH_B                            ; 1                                                       ; Untyped        ;
; WIDTHAD_B                          ; 1                                                       ; Untyped        ;
; NUMWORDS_B                         ; 1                                                       ; Untyped        ;
; INDATA_REG_B                       ; CLOCK1                                                  ; Untyped        ;
; WRCONTROL_WRADDRESS_REG_B          ; CLOCK1                                                  ; Untyped        ;
; RDCONTROL_REG_B                    ; CLOCK1                                                  ; Untyped        ;
; ADDRESS_REG_B                      ; CLOCK1                                                  ; Untyped        ;
; OUTDATA_REG_B                      ; UNREGISTERED                                            ; Untyped        ;
; BYTEENA_REG_B                      ; CLOCK1                                                  ; Untyped        ;
; INDATA_ACLR_B                      ; NONE                                                    ; Untyped        ;
; WRCONTROL_ACLR_B                   ; NONE                                                    ; Untyped        ;
; ADDRESS_ACLR_B                     ; NONE                                                    ; Untyped        ;
; OUTDATA_ACLR_B                     ; NONE                                                    ; Untyped        ;
; RDCONTROL_ACLR_B                   ; NONE                                                    ; Untyped        ;
; BYTEENA_ACLR_B                     ; NONE                                                    ; Untyped        ;
; WIDTH_BYTEENA_A                    ; 1                                                       ; Untyped        ;
; WIDTH_BYTEENA_B                    ; 1                                                       ; Untyped        ;
; RAM_BLOCK_TYPE                     ; AUTO                                                    ; Untyped        ;
; BYTE_SIZE                          ; 8                                                       ; Untyped        ;
; READ_DURING_WRITE_MODE_MIXED_PORTS ; DONT_CARE                                               ; Untyped        ;
; READ_DURING_WRITE_MODE_PORT_A      ; NEW_DATA_NO_NBE_READ                                    ; Untyped        ;
; READ_DURING_WRITE_MODE_PORT_B      ; NEW_DATA_NO_NBE_READ                                    ; Untyped        ;
; INIT_FILE                          ; db/Multiplier_8bits_DE0.ram0_rgb_led96_6e55db65.hdl.mif ; Untyped        ;
; INIT_FILE_LAYOUT                   ; PORT_A                                                  ; Untyped        ;
; MAXIMUM_DEPTH                      ; 0                                                       ; Untyped        ;
; CLOCK_ENABLE_INPUT_A               ; NORMAL                                                  ; Untyped        ;
; CLOCK_ENABLE_INPUT_B               ; NORMAL                                                  ; Untyped        ;
; CLOCK_ENABLE_OUTPUT_A              ; NORMAL                                                  ; Untyped        ;
; CLOCK_ENABLE_OUTPUT_B              ; NORMAL                                                  ; Untyped        ;
; CLOCK_ENABLE_CORE_A                ; USE_INPUT_CLKEN                                         ; Untyped        ;
; CLOCK_ENABLE_CORE_B                ; USE_INPUT_CLKEN                                         ; Untyped        ;
; ENABLE_ECC                         ; FALSE                                                   ; Untyped        ;
; ECC_PIPELINE_STAGE_ENABLED         ; FALSE                                                   ; Untyped        ;
; WIDTH_ECCSTATUS                    ; 3                                                       ; Untyped        ;
; DEVICE_FAMILY                      ; Cyclone IV E                                            ; Untyped        ;
; CBXI_PARAMETER                     ; altsyncram_ha81                                         ; Untyped        ;
+------------------------------------+---------------------------------------------------------+----------------+
Note: In order to hide this table in the UI and the text report file, please set the "Show Parameter Settings in Synthesis Report" option in "Analysis and Synthesis Settings -> More Settings" to "Off".


+------------------------------------------------------------------------------------------+
; altsyncram Parameter Settings by Entity Instance                                         ;
+-------------------------------------------+----------------------------------------------+
; Name                                      ; Value                                        ;
+-------------------------------------------+----------------------------------------------+
; Number of entity instances                ; 1                                            ;
; Entity Instance                           ; rgb_led96:inst4|altsyncram:gamma_table_rtl_0 ;
;     -- OPERATION_MODE                     ; ROM                                          ;
;     -- WIDTH_A                            ; 16                                           ;
;     -- NUMWORDS_A                         ; 256                                          ;
;     -- OUTDATA_REG_A                      ; UNREGISTERED                                 ;
;     -- WIDTH_B                            ; 1                                            ;
;     -- NUMWORDS_B                         ; 1                                            ;
;     -- ADDRESS_REG_B                      ; CLOCK1                                       ;
;     -- OUTDATA_REG_B                      ; UNREGISTERED                                 ;
;     -- RAM_BLOCK_TYPE                     ; AUTO                                         ;
;     -- READ_DURING_WRITE_MODE_MIXED_PORTS ; DONT_CARE                                    ;
+-------------------------------------------+----------------------------------------------+


+-------------------------------+
; Elapsed Time Per Partition    ;
+----------------+--------------+
; Partition Name ; Elapsed Time ;
+----------------+--------------+
; Top            ; 00:00:02     ;
+----------------+--------------+


+-------------------------------+
; Analysis & Synthesis Messages ;
+-------------------------------+
Info: *******************************************************************
Info: Running Quartus II 64-Bit Analysis & Synthesis
    Info: Version 13.0.1 Build 232 06/12/2013 Service Pack 1 SJ Web Edition
    Info: Processing started: Wed Oct 02 08:47:09 2013
Info: Command: quartus_map --read_settings_files=on --write_settings_files=off Multiplier_8bits_DE0 -c Multiplier_8bits_DE0
Warning (20028): Parallel compilation is not licensed and has been disabled
Info (12021): Found 1 design units, including 1 entities, in source file multiplier_8bits_de0.bdf
    Info (12023): Found entity 1: Multiplier_8bits_DE0
Info (12021): Found 1 design units, including 1 entities, in source file multiplier_8bits.bdf
    Info (12023): Found entity 1: Multiplier_8bits
Info (12021): Found 4 design units, including 1 entities, in source file rgb_led96.vhd
    Info (12022): Found design unit 1: pack
    Info (12022): Found design unit 2: pack-body
    Info (12022): Found design unit 3: rgb_led96-arch
    Info (12023): Found entity 1: rgb_led96
Info (12021): Found 2 design units, including 1 entities, in source file //vmware-host/shared folders/desktop/archord-labos/lab 1 - multiplier/vhdl/add.vhd
    Info (12022): Found design unit 1: Add-synth
    Info (12023): Found entity 1: Add
Info (12021): Found 2 design units, including 1 entities, in source file //vmware-host/shared folders/desktop/archord-labos/lab 1 - multiplier/vhdl/and1x8.vhd
    Info (12022): Found design unit 1: and1x8-synth
    Info (12023): Found entity 1: and1x8
Info (12021): Found 2 design units, including 1 entities, in source file //vmware-host/shared folders/desktop/archord-labos/lab 1 - multiplier/vhdl/clk_divider.vhd
    Info (12022): Found design unit 1: CLK_divider-synth
    Info (12023): Found entity 1: CLK_divider
Info (12021): Found 2 design units, including 1 entities, in source file //vmware-host/shared folders/desktop/archord-labos/lab 1 - multiplier/vhdl/combinational_multiplier.vhd
    Info (12022): Found design unit 1: combinational_multiplier-combinational
    Info (12023): Found entity 1: combinational_multiplier
Info (12021): Found 2 design units, including 1 entities, in source file //vmware-host/shared folders/desktop/archord-labos/lab 1 - multiplier/vhdl/combinational_multcell.vhd
    Info (12022): Found design unit 1: combinational_multcell-combinational
    Info (12023): Found entity 1: combinational_multcell
Info (12021): Found 2 design units, including 1 entities, in source file //vmware-host/shared folders/desktop/archord-labos/lab 1 - multiplier/vhdl/controller.vhd
    Info (12022): Found design unit 1: controller-synth
    Info (12023): Found entity 1: controller
Info (12021): Found 2 design units, including 1 entities, in source file //vmware-host/shared folders/desktop/archord-labos/lab 1 - multiplier/vhdl/multiplicand.vhd
    Info (12022): Found design unit 1: multiplicand-synth
    Info (12023): Found entity 1: multiplicand
Info (12021): Found 2 design units, including 1 entities, in source file //vmware-host/shared folders/desktop/archord-labos/lab 1 - multiplier/vhdl/multiplier.vhd
    Info (12022): Found design unit 1: multiplier-synth
    Info (12023): Found entity 1: multiplier
Info (12021): Found 2 design units, including 1 entities, in source file //vmware-host/shared folders/desktop/archord-labos/lab 1 - multiplier/vhdl/product.vhd
    Info (12022): Found design unit 1: product-synth
    Info (12023): Found entity 1: product
Info (12127): Elaborating entity "Multiplier_8bits_DE0" for the top level hierarchy
Warning (275089): Not all bits in bus "Button_n[3..0]" are used
Warning (275080): Converted elements in bus name "Button_n" using legacy naming rules. Make any assignments on the new names, not on the original names.
    Warning (275081): Converted element name(s) from "Button_n[0]" to "Button_n0"
    Warning (275081): Converted element name(s) from "Button_n[3]" to "Button_n3"
Warning (275008): Primitive "GND" of instance "gnd_system" not used
Warning (275008): Primitive "VCC" of instance "vcc_system" not used
Info (12128): Elaborating entity "rgb_led96" for hierarchy "rgb_led96:inst4"
Warning (12125): Using design file lpm_constant0.vhd, which is not specified as a design file for the current project, but contains definitions for 4 design units and 2 entities in project
    Info (12022): Found design unit 1: lpm_constant0_lpm_constant_ui9-RTL
    Info (12022): Found design unit 2: lpm_constant0-RTL
    Info (12023): Found entity 1: lpm_constant0_lpm_constant_ui9
    Info (12023): Found entity 2: lpm_constant0
Info (12128): Elaborating entity "lpm_constant0" for hierarchy "lpm_constant0:inst1"
Info (12128): Elaborating entity "lpm_constant0_lpm_constant_ui9" for hierarchy "lpm_constant0:inst1|lpm_constant0_lpm_constant_ui9:lpm_constant0_lpm_constant_ui9_component"
Info (12128): Elaborating entity "Multiplier_8bits" for hierarchy "Multiplier_8bits:inst"
Info (12128): Elaborating entity "controller" for hierarchy "Multiplier_8bits:inst|controller:controller_0"
Info (12128): Elaborating entity "CLK_divider" for hierarchy "Multiplier_8bits:inst|CLK_divider:clk_divider_0"
Warning (10492): VHDL Process Statement warning at CLK_divider.vhd(28): signal "tmp" is read inside the Process Statement but isn't in the Process Statement's sensitivity list
Info (12128): Elaborating entity "product" for hierarchy "Multiplier_8bits:inst|product:product_0"
Info (12128): Elaborating entity "Add" for hierarchy "Multiplier_8bits:inst|Add:add_0"
Info (12128): Elaborating entity "and1x8" for hierarchy "Multiplier_8bits:inst|and1x8:and_0"
Info (12128): Elaborating entity "multiplier" for hierarchy "Multiplier_8bits:inst|multiplier:multiplier_0"
Info (12128): Elaborating entity "multiplicand" for hierarchy "Multiplier_8bits:inst|multiplicand:multiplicand_0"
Info (19000): Inferred 1 megafunctions from design logic
    Info (276029): Inferred altsyncram megafunction from the following design logic: "rgb_led96:inst4|gamma_table_rtl_0" 
        Info (286033): Parameter OPERATION_MODE set to ROM
        Info (286033): Parameter WIDTH_A set to 16
        Info (286033): Parameter WIDTHAD_A set to 8
        Info (286033): Parameter NUMWORDS_A set to 256
        Info (286033): Parameter OUTDATA_REG_A set to UNREGISTERED
        Info (286033): Parameter ADDRESS_ACLR_A set to NONE
        Info (286033): Parameter OUTDATA_ACLR_A set to NONE
        Info (286033): Parameter INDATA_ACLR_A set to NONE
        Info (286033): Parameter WRCONTROL_ACLR_A set to NONE
        Info (286033): Parameter INIT_FILE set to db/Multiplier_8bits_DE0.ram0_rgb_led96_6e55db65.hdl.mif
Info (12130): Elaborated megafunction instantiation "rgb_led96:inst4|altsyncram:gamma_table_rtl_0"
Info (12133): Instantiated megafunction "rgb_led96:inst4|altsyncram:gamma_table_rtl_0" with the following parameter:
    Info (12134): Parameter "OPERATION_MODE" = "ROM"
    Info (12134): Parameter "WIDTH_A" = "16"
    Info (12134): Parameter "WIDTHAD_A" = "8"
    Info (12134): Parameter "NUMWORDS_A" = "256"
    Info (12134): Parameter "OUTDATA_REG_A" = "UNREGISTERED"
    Info (12134): Parameter "ADDRESS_ACLR_A" = "NONE"
    Info (12134): Parameter "OUTDATA_ACLR_A" = "NONE"
    Info (12134): Parameter "INDATA_ACLR_A" = "NONE"
    Info (12134): Parameter "WRCONTROL_ACLR_A" = "NONE"
    Info (12134): Parameter "INIT_FILE" = "db/Multiplier_8bits_DE0.ram0_rgb_led96_6e55db65.hdl.mif"
Info (12021): Found 1 design units, including 1 entities, in source file db/altsyncram_ha81.tdf
    Info (12023): Found entity 1: altsyncram_ha81
Warning (14284): Synthesized away the following node(s):
    Warning (14285): Synthesized away the following RAM node(s):
        Warning (14320): Synthesized away node "rgb_led96:inst4|altsyncram:gamma_table_rtl_0|altsyncram_ha81:auto_generated|ram_block1a15"
Info (13000): Registers with preset signals will power-up high
Info (13003): DEV_CLRn pin will set, and not reset, register with preset signal due to NOT Gate Push-Back
Warning (13024): Output pins are stuck at VCC or GND
    Warning (13410): Pin "LedButton[3]" is stuck at GND
    Warning (13410): Pin "LedButton[2]" is stuck at GND
    Warning (13410): Pin "LedButton[1]" is stuck at GND
Info (286030): Timing-Driven Synthesis is running
Info (16010): Generating hard_block partition "hard_block:auto_generated_inst"
    Info (16011): Adding 0 node(s), including 0 DDIO, 0 PLL, 0 transceiver and 0 LCELL
Info (21057): Implemented 369 device resources after synthesis - the final resource count might be different
    Info (21058): Implemented 20 input pins
    Info (21059): Implemented 41 output pins
    Info (21061): Implemented 293 logic cells
    Info (21064): Implemented 15 RAM segments
Info: Quartus II 64-Bit Analysis & Synthesis was successful. 0 errors, 16 warnings
    Info: Peak virtual memory: 495 megabytes
    Info: Processing ended: Wed Oct 02 08:47:15 2013
    Info: Elapsed time: 00:00:06
    Info: Total CPU time (on all processors): 00:00:06


